21cmFAST version is 3.0.4.dev248+g3334c13
    Running on 4 threads
    Running on 2 cores
    Calculating derivatives at 3 percent from fiducial
    Running with h_peak = 1.0
    Running with Park19...
    Loading from cache at /h/hobnob0/Reionization_models/21cmFAST-ethos-analysis/21cmFAST_notebooks/_cache/big_box/fisher/Park19/
    Making lightcone from z=5.9-28.0
    Box HII_DIM=128, BOX_LEN=250
    Going to make 17 lightcones
    Will save lightcone to LightCone_z5.9_HIIDIM=128_BOXLEN=250_fisher_h_PEAK_1.0_ALPHA_STAR_-0.03.h5
    Saved lightcone to /h/hobnob0/Reionization_models/21cmFAST-ethos-analysis/21cmFAST_notebooks/_cache/big_box/fisher/Park19/LightCone_z5.9_HIIDIM=128_BOXLEN=250_fisher_h_PEAK_1.0_ALPHA_STAR_-0.03.h5
    Done with h_PEAK_1.0_ALPHA_STAR_-0.03, took 0.14 hours
    Will save lightcone to LightCone_z5.9_HIIDIM=128_BOXLEN=250_fisher_h_PEAK_1.0_ALPHA_STAR_0.03.h5
    Saved lightcone to /h/hobnob0/Reionization_models/21cmFAST-ethos-analysis/21cmFAST_notebooks/_cache/big_box/fisher/Park19/LightCone_z5.9_HIIDIM=128_BOXLEN=250_fisher_h_PEAK_1.0_ALPHA_STAR_0.03.h5
    Done with h_PEAK_1.0_ALPHA_STAR_0.03, took 0.14 hours
/h/hobnob0/anaconda3/envs/21cmfast/lib/python3.7/site-packages/joblib/externals/loky/process_executor.py:691: UserWarning: A worker stopped while some jobs were given to the executor. This can be caused by a too short worker timeout or by a memory leak.
  "timeout or by a memory leak.", UserWarning
    Will save lightcone to LightCone_z5.9_HIIDIM=128_BOXLEN=250_fisher_h_PEAK_1.0_fid.h5
    Saved lightcone to /h/hobnob0/Reionization_models/21cmFAST-ethos-analysis/21cmFAST_notebooks/_cache/big_box/fisher/Park19/LightCone_z5.9_HIIDIM=128_BOXLEN=250_fisher_h_PEAK_1.0_fid.h5
    Done with h_PEAK_1.0_fid, took 0.14 hours
    Will save lightcone to LightCone_z5.9_HIIDIM=128_BOXLEN=250_fisher_h_PEAK_1.0_F_STAR10_-0.03.h5
    Saved lightcone to /h/hobnob0/Reionization_models/21cmFAST-ethos-analysis/21cmFAST_notebooks/_cache/big_box/fisher/Park19/LightCone_z5.9_HIIDIM=128_BOXLEN=250_fisher_h_PEAK_1.0_F_STAR10_-0.03.h5
    Done with h_PEAK_1.0_F_STAR10_-0.03, took 0.14 hours
    Will save lightcone to LightCone_z5.9_HIIDIM=128_BOXLEN=250_fisher_h_PEAK_1.0_ALPHA_ESC_-0.03.h5
    Saved lightcone to /h/hobnob0/Reionization_models/21cmFAST-ethos-analysis/21cmFAST_notebooks/_cache/big_box/fisher/Park19/LightCone_z5.9_HIIDIM=128_BOXLEN=250_fisher_h_PEAK_1.0_ALPHA_ESC_-0.03.h5
    Done with h_PEAK_1.0_ALPHA_ESC_-0.03, took 0.14 hours
    Will save lightcone to LightCone_z5.9_HIIDIM=128_BOXLEN=250_fisher_h_PEAK_1.0_ALPHA_ESC_0.03.h5
    Saved lightcone to /h/hobnob0/Reionization_models/21cmFAST-ethos-analysis/21cmFAST_notebooks/_cache/big_box/fisher/Park19/LightCone_z5.9_HIIDIM=128_BOXLEN=250_fisher_h_PEAK_1.0_ALPHA_ESC_0.03.h5
    Done with h_PEAK_1.0_ALPHA_ESC_0.03, took 0.14 hours
    Will save lightcone to LightCone_z5.9_HIIDIM=128_BOXLEN=250_fisher_h_PEAK_1.0_F_STAR10_0.03.h5
    Saved lightcone to /h/hobnob0/Reionization_models/21cmFAST-ethos-analysis/21cmFAST_notebooks/_cache/big_box/fisher/Park19/LightCone_z5.9_HIIDIM=128_BOXLEN=250_fisher_h_PEAK_1.0_F_STAR10_0.03.h5
    Done with h_PEAK_1.0_F_STAR10_0.03, took 0.14 hours
    Will save lightcone to LightCone_z5.9_HIIDIM=128_BOXLEN=250_fisher_h_PEAK_1.0_F_ESC10_-0.03.h5
    Saved lightcone to /h/hobnob0/Reionization_models/21cmFAST-ethos-analysis/21cmFAST_notebooks/_cache/big_box/fisher/Park19/LightCone_z5.9_HIIDIM=128_BOXLEN=250_fisher_h_PEAK_1.0_F_ESC10_-0.03.h5
    Done with h_PEAK_1.0_F_ESC10_-0.03, took 0.14 hours
    Will save lightcone to LightCone_z5.9_HIIDIM=128_BOXLEN=250_fisher_h_PEAK_1.0_L_X_-0.001.h5
    Saved lightcone to /h/hobnob0/Reionization_models/21cmFAST-ethos-analysis/21cmFAST_notebooks/_cache/big_box/fisher/Park19/LightCone_z5.9_HIIDIM=128_BOXLEN=250_fisher_h_PEAK_1.0_L_X_-0.001.h5
    Done with h_PEAK_1.0_L_X_-0.001, took 0.14 hours
    Will save lightcone to LightCone_z5.9_HIIDIM=128_BOXLEN=250_fisher_h_PEAK_1.0_L_X_0.001.h5
    Saved lightcone to /h/hobnob0/Reionization_models/21cmFAST-ethos-analysis/21cmFAST_notebooks/_cache/big_box/fisher/Park19/LightCone_z5.9_HIIDIM=128_BOXLEN=250_fisher_h_PEAK_1.0_L_X_0.001.h5
    Done with h_PEAK_1.0_L_X_0.001, took 0.14 hours
    Will save lightcone to LightCone_z5.9_HIIDIM=128_BOXLEN=250_fisher_h_PEAK_1.0_F_ESC10_0.03.h5
    Saved lightcone to /h/hobnob0/Reionization_models/21cmFAST-ethos-analysis/21cmFAST_notebooks/_cache/big_box/fisher/Park19/LightCone_z5.9_HIIDIM=128_BOXLEN=250_fisher_h_PEAK_1.0_F_ESC10_0.03.h5
    Done with h_PEAK_1.0_F_ESC10_0.03, took 0.14 hours
    Will save lightcone to LightCone_z5.9_HIIDIM=128_BOXLEN=250_fisher_h_PEAK_1.0_NU_X_THRESH_-0.03.h5
    Saved lightcone to /h/hobnob0/Reionization_models/21cmFAST-ethos-analysis/21cmFAST_notebooks/_cache/big_box/fisher/Park19/LightCone_z5.9_HIIDIM=128_BOXLEN=250_fisher_h_PEAK_1.0_NU_X_THRESH_-0.03.h5
    Done with h_PEAK_1.0_NU_X_THRESH_-0.03, took 0.14 hours
    Will save lightcone to LightCone_z5.9_HIIDIM=128_BOXLEN=250_fisher_h_PEAK_1.0_t_STAR_-0.03.h5
    Saved lightcone to /h/hobnob0/Reionization_models/21cmFAST-ethos-analysis/21cmFAST_notebooks/_cache/big_box/fisher/Park19/LightCone_z5.9_HIIDIM=128_BOXLEN=250_fisher_h_PEAK_1.0_t_STAR_-0.03.h5
    Done with h_PEAK_1.0_t_STAR_-0.03, took 0.14 hours
    Will save lightcone to LightCone_z5.9_HIIDIM=128_BOXLEN=250_fisher_h_PEAK_1.0_M_TURN_-0.03.h5
    Saved lightcone to /h/hobnob0/Reionization_models/21cmFAST-ethos-analysis/21cmFAST_notebooks/_cache/big_box/fisher/Park19/LightCone_z5.9_HIIDIM=128_BOXLEN=250_fisher_h_PEAK_1.0_M_TURN_-0.03.h5
    Done with h_PEAK_1.0_M_TURN_-0.03, took 0.13 hours
    Will save lightcone to LightCone_z5.9_HIIDIM=128_BOXLEN=250_fisher_h_PEAK_1.0_NU_X_THRESH_0.03.h5
    Saved lightcone to /h/hobnob0/Reionization_models/21cmFAST-ethos-analysis/21cmFAST_notebooks/_cache/big_box/fisher/Park19/LightCone_z5.9_HIIDIM=128_BOXLEN=250_fisher_h_PEAK_1.0_NU_X_THRESH_0.03.h5
    Done with h_PEAK_1.0_NU_X_THRESH_0.03, took 0.14 hours
    Will save lightcone to LightCone_z5.9_HIIDIM=128_BOXLEN=250_fisher_h_PEAK_1.0_t_STAR_0.03.h5
    Saved lightcone to /h/hobnob0/Reionization_models/21cmFAST-ethos-analysis/21cmFAST_notebooks/_cache/big_box/fisher/Park19/LightCone_z5.9_HIIDIM=128_BOXLEN=250_fisher_h_PEAK_1.0_t_STAR_0.03.h5
    Done with h_PEAK_1.0_t_STAR_0.03, took 0.14 hours
---- Finished making lightcones, took 1.23 hours ----
    Will save lightcone to LightCone_z5.9_HIIDIM=128_BOXLEN=250_fisher_h_PEAK_1.0_M_TURN_0.03.h5
    Saved lightcone to /h/hobnob0/Reionization_models/21cmFAST-ethos-analysis/21cmFAST_notebooks/_cache/big_box/fisher/Park19/LightCone_z5.9_HIIDIM=128_BOXLEN=250_fisher_h_PEAK_1.0_M_TURN_0.03.h5
    Done with h_PEAK_1.0_M_TURN_0.03, took 0.14 hours
